This is pdfTeX, Version 3.14159265-2.6-1.40.20 (TeX Live 2019/Debian) (preloaded format=pdflatex 2021.2.9)  6 SEP 2021 15:53
entering extended mode
 restricted \write18 enabled.
 %&-line parsing enabled.
**notes.tex
(./notes.tex
LaTeX2e <2020-02-02> patch level 2
L3 programming layer <2020-02-14>
(/usr/share/texlive/texmf-dist/tex/latex/base/article.cls
Document Class: article 2019/12/20 v1.4l Standard LaTeX document class
(/usr/share/texlive/texmf-dist/tex/latex/base/size10.clo
File: size10.clo 2019/12/20 v1.4l Standard LaTeX file (size option)
)
\c@part=\count167
\c@section=\count168
\c@subsection=\count169
\c@subsubsection=\count170
\c@paragraph=\count171
\c@subparagraph=\count172
\c@figure=\count173
\c@table=\count174
\abovecaptionskip=\skip47
\belowcaptionskip=\skip48
\bibindent=\dimen134
)
(/usr/share/texlive/texmf-dist/tex/latex/base/inputenc.sty
Package: inputenc 2018/08/11 v1.3c Input encoding file
\inpenc@prehook=\toks14
\inpenc@posthook=\toks15
)
(/usr/share/texlive/texmf-dist/tex/latex/amsmath/amsmath.sty
Package: amsmath 2020/01/20 v2.17e AMS math features
\@mathmargin=\skip49

For additional information on amsmath, use the `?' option.
(/usr/share/texlive/texmf-dist/tex/latex/amsmath/amstext.sty
Package: amstext 2000/06/29 v2.01 AMS text

(/usr/share/texlive/texmf-dist/tex/latex/amsmath/amsgen.sty
File: amsgen.sty 1999/11/30 v2.0 generic functions
\@emptytoks=\toks16
\ex@=\dimen135
))
(/usr/share/texlive/texmf-dist/tex/latex/amsmath/amsbsy.sty
Package: amsbsy 1999/11/29 v1.2d Bold Symbols
\pmbraise@=\dimen136
)
(/usr/share/texlive/texmf-dist/tex/latex/amsmath/amsopn.sty
Package: amsopn 2016/03/08 v2.02 operator names
)
\inf@bad=\count175
LaTeX Info: Redefining \frac on input line 227.
\uproot@=\count176
\leftroot@=\count177
LaTeX Info: Redefining \overline on input line 389.
\classnum@=\count178
\DOTSCASE@=\count179
LaTeX Info: Redefining \ldots on input line 486.
LaTeX Info: Redefining \dots on input line 489.
LaTeX Info: Redefining \cdots on input line 610.
\Mathstrutbox@=\box45
\strutbox@=\box46
\big@size=\dimen137
LaTeX Font Info:    Redeclaring font encoding OML on input line 733.
LaTeX Font Info:    Redeclaring font encoding OMS on input line 734.
\macc@depth=\count180
\c@MaxMatrixCols=\count181
\dotsspace@=\muskip16
\c@parentequation=\count182
\dspbrk@lvl=\count183
\tag@help=\toks17
\row@=\count184
\column@=\count185
\maxfields@=\count186
\andhelp@=\toks18
\eqnshift@=\dimen138
\alignsep@=\dimen139
\tagshift@=\dimen140
\tagwidth@=\dimen141
\totwidth@=\dimen142
\lineht@=\dimen143
\@envbody=\toks19
\multlinegap=\skip50
\multlinetaggap=\skip51
\mathdisplay@stack=\toks20
LaTeX Info: Redefining \[ on input line 2859.
LaTeX Info: Redefining \] on input line 2860.
)
(/usr/share/texlive/texmf-dist/tex/latex/amsfonts/amsfonts.sty
Package: amsfonts 2013/01/14 v3.01 Basic AMSFonts support
\symAMSa=\mathgroup4
\symAMSb=\mathgroup5
LaTeX Font Info:    Redeclaring math symbol \hbar on input line 98.
LaTeX Font Info:    Overwriting math alphabet `\mathfrak' in version `bold'
(Font)                  U/euf/m/n --> U/euf/b/n on input line 106.
)
(/usr/share/texlive/texmf-dist/tex/latex/amsfonts/amssymb.sty
Package: amssymb 2013/01/14 v3.01 AMS font symbols
)
(/usr/share/texlive/texmf-dist/tex/latex/natbib/natbib.sty
Package: natbib 2010/09/13 8.31b (PWD, AO)
\bibhang=\skip52
\bibsep=\skip53
LaTeX Info: Redefining \cite on input line 694.
\c@NAT@ctr=\count187
)
(/usr/share/texlive/texmf-dist/tex/latex/url/url.sty
\Urlmuskip=\muskip17
Package: url 2013/09/16  ver 3.4  Verb mode for urls, etc.
)
(/usr/share/texlive/texmf-dist/tex/latex/l3backend/l3backend-pdfmode.def
File: l3backend-pdfmode.def 2020-02-03 L3 backend support: PDF mode
\l__kernel_color_stack_int=\count188
\l__pdf_internal_box=\box47
)
(./notes.aux)
\openout1 = `notes.aux'.

LaTeX Font Info:    Checking defaults for OML/cmm/m/it on input line 12.
LaTeX Font Info:    ... okay on input line 12.
LaTeX Font Info:    Checking defaults for OMS/cmsy/m/n on input line 12.
LaTeX Font Info:    ... okay on input line 12.
LaTeX Font Info:    Checking defaults for OT1/cmr/m/n on input line 12.
LaTeX Font Info:    ... okay on input line 12.
LaTeX Font Info:    Checking defaults for T1/cmr/m/n on input line 12.
LaTeX Font Info:    ... okay on input line 12.
LaTeX Font Info:    Checking defaults for TS1/cmr/m/n on input line 12.
LaTeX Font Info:    ... okay on input line 12.
LaTeX Font Info:    Checking defaults for OMX/cmex/m/n on input line 12.
LaTeX Font Info:    ... okay on input line 12.
LaTeX Font Info:    Checking defaults for U/cmr/m/n on input line 12.
LaTeX Font Info:    ... okay on input line 12.
LaTeX Font Info:    Trying to load font information for U+msa on input line 13.

 (/usr/share/texlive/texmf-dist/tex/latex/amsfonts/umsa.fd
File: umsa.fd 2013/01/14 v3.01 AMS symbols A
)
LaTeX Font Info:    Trying to load font information for U+msb on input line 13.


(/usr/share/texlive/texmf-dist/tex/latex/amsfonts/umsb.fd
File: umsb.fd 2013/01/14 v3.01 AMS symbols B
)

LaTeX Warning: No \author given.


Overfull \hbox (6.11798pt too wide) in paragraph at lines 15--15
[]\OT1/cmr/bx/n/14.4 Some pub-lished es-ti-mates of man-tle wa-ter stor-
 []


Package natbib Warning: Citation `ohtaniRoleWaterEarth2020' on page 1 undefined
 on input line 25.

[1

{/var/lib/texmf/fonts/map/pdftex/updmap/pdftex.map}] [2]

Package natbib Warning: Citation `nisrLargeH2OSolubility2020' on page 3 undefin
ed on input line 52.


Package natbib Warning: Citation `mauriceOnsetSolidstateMantle2017' on page 3 u
ndefined on input line 64.


Package natbib Warning: Citation `daiElectricalConductivityWadsleyite2009' on p
age 3 undefined on input line 79.

[3] [4]

Package natbib Warning: Citation `sotinMassRadiusCurve2007' on page 5 undefined
 on input line 107.

[5] (./notes.bbl
! Undefined control sequence.
\dodoi #1->doi:~\href 
                      {http://doi.org/#1}{\nolinkurl {#1}}
l.10   \dodoi{10.1180/0026461056930248}
                                       
The control sequence at the end of the top line
of your error message was never \def'ed. If you have
misspelled it (e.g., `\hobx'), type `I' and the correct
spelling (e.g., `I\hbox'). Otherwise just continue,
and I'll forget about whatever was undefined.

! Undefined control sequence.
\dodoi ...i:~\href {http://doi.org/#1}{\nolinkurl 
                                                  {#1}}
l.10   \dodoi{10.1180/0026461056930248}
                                       
The control sequence at the end of the top line
of your error message was never \def'ed. If you have
misspelled it (e.g., `\hobx'), type `I' and the correct
spelling (e.g., `I\hbox'). Otherwise just continue,
and I'll forget about whatever was undefined.


Underfull \hbox (badness 10000) in paragraph at lines 9--11
[]\OT1/cmr/m/n/10 Bolfan-Casanova, N. 2005, Min-er-alog-i-cal Mag-a-zine, 69, 2
29,
 []

! Undefined control sequence.
\dodoi #1->doi:~\href 
                      {http://doi.org/#1}{\nolinkurl {#1}}
l.14   \dodoi{10.1088/0004-637X/781/1/27}
                                         
The control sequence at the end of the top line
of your error message was never \def'ed. If you have
misspelled it (e.g., `\hobx'), type `I' and the correct
spelling (e.g., `I\hbox'). Otherwise just continue,
and I'll forget about whatever was undefined.

! Undefined control sequence.
\dodoi ...i:~\href {http://doi.org/#1}{\nolinkurl 
                                                  {#1}}
l.14   \dodoi{10.1088/0004-637X/781/1/27}
                                         
The control sequence at the end of the top line
of your error message was never \def'ed. If you have
misspelled it (e.g., `\hobx'), type `I' and the correct
spelling (e.g., `I\hbox'). Otherwise just continue,
and I'll forget about whatever was undefined.


Underfull \hbox (badness 4328) in paragraph at lines 13--15
[]\OT1/cmr/m/n/10 Cowan, N. B., & Ab-bot, D. S. 2014, The As-tro-phys-i-cal Jou
r-nal,
 []


Underfull \hbox (badness 5490) in paragraph at lines 13--15
\OT1/cmr/m/n/10 781, 27, doi: http://doi.org/10.1088/0004-637X/781/1/2710.1088/
0004-
 []

! Undefined control sequence.
\dodoi #1->doi:~\href 
                      {http://doi.org/#1}{\nolinkurl {#1}}
l.23   \dodoi{10.1016/j.epsl.2008.03.062}
                                         
The control sequence at the end of the top line
of your error message was never \def'ed. If you have
misspelled it (e.g., `\hobx'), type `I' and the correct
spelling (e.g., `I\hbox'). Otherwise just continue,
and I'll forget about whatever was undefined.

! Undefined control sequence.
\dodoi ...i:~\href {http://doi.org/#1}{\nolinkurl 
                                                  {#1}}
l.23   \dodoi{10.1016/j.epsl.2008.03.062}
                                         
The control sequence at the end of the top line
of your error message was never \def'ed. If you have
misspelled it (e.g., `\hobx'), type `I' and the correct
spelling (e.g., `I\hbox'). Otherwise just continue,
and I'll forget about whatever was undefined.

! Undefined control sequence.
\dodoi #1->doi:~\href 
                      {http://doi.org/#1}{\nolinkurl {#1}}
l.27   \dodoi{10.1007/s10509-010-0535-3}
                                        
The control sequence at the end of the top line
of your error message was never \def'ed. If you have
misspelled it (e.g., `\hobx'), type `I' and the correct
spelling (e.g., `I\hbox'). Otherwise just continue,
and I'll forget about whatever was undefined.

! Undefined control sequence.
\dodoi ...i:~\href {http://doi.org/#1}{\nolinkurl 
                                                  {#1}}
l.27   \dodoi{10.1007/s10509-010-0535-3}
                                        
The control sequence at the end of the top line
of your error message was never \def'ed. If you have
misspelled it (e.g., `\hobx'), type `I' and the correct
spelling (e.g., `I\hbox'). Otherwise just continue,
and I'll forget about whatever was undefined.


Underfull \hbox (badness 10000) in paragraph at lines 26--28
[]\OT1/cmr/m/n/10 ---. 2011, As-tro-physics and Space Sci-ence, 332, 359,
 []


Underfull \hbox (badness 10000) in paragraph at lines 26--28
\OT1/cmr/m/n/10 doi: http://doi.org/10.1007/s10509-010-0535-310.1007/s10509-010
-0535-
 []

! Undefined control sequence.
\dodoi #1->doi:~\href 
                      {http://doi.org/#1}{\nolinkurl {#1}}
l.33   \dodoi{10.1088/0004-637X/693/1/722}
                                          
The control sequence at the end of the top line
of your error message was never \def'ed. If you have
misspelled it (e.g., `\hobx'), type `I' and the correct
spelling (e.g., `I\hbox'). Otherwise just continue,
and I'll forget about whatever was undefined.

! Undefined control sequence.
\dodoi ...i:~\href {http://doi.org/#1}{\nolinkurl 
                                                  {#1}}
l.33   \dodoi{10.1088/0004-637X/693/1/722}
                                          
The control sequence at the end of the top line
of your error message was never \def'ed. If you have
misspelled it (e.g., `\hobx'), type `I' and the correct
spelling (e.g., `I\hbox'). Otherwise just continue,
and I'll forget about whatever was undefined.

[6]
! Undefined control sequence.
\dodoi #1->doi:~\href 
                      {http://doi.org/#1}{\nolinkurl {#1}}
l.38 ..., 504, 2853, \dodoi{10.1093/mnras/stab736}
                                                  
The control sequence at the end of the top line
of your error message was never \def'ed. If you have
misspelled it (e.g., `\hobx'), type `I' and the correct
spelling (e.g., `I\hbox'). Otherwise just continue,
and I'll forget about whatever was undefined.

! Undefined control sequence.
\dodoi ...i:~\href {http://doi.org/#1}{\nolinkurl 
                                                  {#1}}
l.38 ..., 504, 2853, \dodoi{10.1093/mnras/stab736}
                                                  
The control sequence at the end of the top line
of your error message was never \def'ed. If you have
misspelled it (e.g., `\hobx'), type `I' and the correct
spelling (e.g., `I\hbox'). Otherwise just continue,
and I'll forget about whatever was undefined.


Underfull \hbox (badness 10000) in paragraph at lines 37--39
[]\OT1/cmr/m/n/10 Harrison, J. H. D., Bon-sor, A., Kama, M., et al. 2021,
 []


Underfull \hbox (badness 7796) in paragraph at lines 37--39
\OT1/cmr/m/n/10 Monthly No-tices of the Royal As-tro-nom-i-cal So-ci-ety, 504, 
2853,
 []

! Undefined control sequence.
\dodoi #1->doi:~\href 
                      {http://doi.org/#1}{\nolinkurl {#1}}
l.43 ...8, 715, \dodoi{10.1016/j.epsl.2006.06.014}
                                                  
The control sequence at the end of the top line
of your error message was never \def'ed. If you have
misspelled it (e.g., `\hobx'), type `I' and the correct
spelling (e.g., `I\hbox'). Otherwise just continue,
and I'll forget about whatever was undefined.

! Undefined control sequence.
\dodoi ...i:~\href {http://doi.org/#1}{\nolinkurl 
                                                  {#1}}
l.43 ...8, 715, \dodoi{10.1016/j.epsl.2006.06.014}
                                                  
The control sequence at the end of the top line
of your error message was never \def'ed. If you have
misspelled it (e.g., `\hobx'), type `I' and the correct
spelling (e.g., `I\hbox'). Otherwise just continue,
and I'll forget about whatever was undefined.


Underfull \hbox (badness 10000) in paragraph at lines 42--44
[]\OT1/cmr/m/n/10 Hauri, E. H., Gae-tani, G. A., & Green, T. H.
 []


Underfull \hbox (badness 10000) in paragraph at lines 42--44
\OT1/cmr/m/n/10 2006, Earth and Plan-e-tary Sci-ence Let-ters, 248, 715,
 []

! Undefined control sequence.
\dodoi #1->doi:~\href 
                      {http://doi.org/#1}{\nolinkurl {#1}}
l.48 ..., A71, \dodoi{10.1051/0004-6361/201936614}
                                                  
The control sequence at the end of the top line
of your error message was never \def'ed. If you have
misspelled it (e.g., `\hobx'), type `I' and the correct
spelling (e.g., `I\hbox'). Otherwise just continue,
and I'll forget about whatever was undefined.

! Undefined control sequence.
\dodoi ...i:~\href {http://doi.org/#1}{\nolinkurl 
                                                  {#1}}
l.48 ..., A71, \dodoi{10.1051/0004-6361/201936614}
                                                  
The control sequence at the end of the top line
of your error message was never \def'ed. If you have
misspelled it (e.g., `\hobx'), type `I' and the correct
spelling (e.g., `I\hbox'). Otherwise just continue,
and I'll forget about whatever was undefined.


Underfull \hbox (badness 7522) in paragraph at lines 47--49
[]\OT1/cmr/m/n/10 Herbort, O., Woitke, P., Helling, C., & Zerkle, A. 2020, As-
 []


Underfull \hbox (badness 2005) in paragraph at lines 47--49
\OT1/cmr/m/n/10 tron-omy & As-tro-physics, 636, A71, doi: http://doi.org/10.105
1/0004-
 []

! Undefined control sequence.
\dodoi #1->doi:~\href 
                      {http://doi.org/#1}{\nolinkurl {#1}}
l.52   255, 27, \dodoi{10.1016/j.pepi.2016.03.010}
                                                  
The control sequence at the end of the top line
of your error message was never \def'ed. If you have
misspelled it (e.g., `\hobx'), type `I' and the correct
spelling (e.g., `I\hbox'). Otherwise just continue,
and I'll forget about whatever was undefined.

! Undefined control sequence.
\dodoi ...i:~\href {http://doi.org/#1}{\nolinkurl 
                                                  {#1}}
l.52   255, 27, \dodoi{10.1016/j.pepi.2016.03.010}
                                                  
The control sequence at the end of the top line
of your error message was never \def'ed. If you have
misspelled it (e.g., `\hobx'), type `I' and the correct
spelling (e.g., `I\hbox'). Otherwise just continue,
and I'll forget about whatever was undefined.

! Undefined control sequence.
\dodoi #1->doi:~\href 
                      {http://doi.org/#1}{\nolinkurl {#1}}
l.57 ...3, 245, \dodoi{10.1016/j.pepi.2010.08.003}
                                                  
The control sequence at the end of the top line
of your error message was never \def'ed. If you have
misspelled it (e.g., `\hobx'), type `I' and the correct
spelling (e.g., `I\hbox'). Otherwise just continue,
and I'll forget about whatever was undefined.

! Undefined control sequence.
\dodoi ...i:~\href {http://doi.org/#1}{\nolinkurl 
                                                  {#1}}
l.57 ...3, 245, \dodoi{10.1016/j.pepi.2010.08.003}
                                                  
The control sequence at the end of the top line
of your error message was never \def'ed. If you have
misspelled it (e.g., `\hobx'), type `I' and the correct
spelling (e.g., `I\hbox'). Otherwise just continue,
and I'll forget about whatever was undefined.


Underfull \hbox (badness 10000) in paragraph at lines 56--58
[]\OT1/cmr/m/n/10 Inoue, T., Wada, T., Sasaki, R., & Yu-ri-moto, H. 2010,
 []


Underfull \hbox (badness 10000) in paragraph at lines 56--58
\OT1/cmr/m/n/10 Physics of the Earth and Plan-e-tary In-te-ri-ors, 183, 245,
 []

! Undefined control sequence.
\dodoi #1->doi:~\href 
                      {http://doi.org/#1}{\nolinkurl {#1}}
l.74   20150394, \dodoi{10.1098/rsta.2015.0394}
                                               
The control sequence at the end of the top line
of your error message was never \def'ed. If you have
misspelled it (e.g., `\hobx'), type `I' and the correct
spelling (e.g., `I\hbox'). Otherwise just continue,
and I'll forget about whatever was undefined.

! Undefined control sequence.
\dodoi ...i:~\href {http://doi.org/#1}{\nolinkurl 
                                                  {#1}}
l.74   20150394, \dodoi{10.1098/rsta.2015.0394}
                                               
The control sequence at the end of the top line
of your error message was never \def'ed. If you have
misspelled it (e.g., `\hobx'), type `I' and the correct
spelling (e.g., `I\hbox'). Otherwise just continue,
and I'll forget about whatever was undefined.

)

Package natbib Warning: There were undefined citations.

[7] (./notes.aux) ) 
Here is how much of TeX's memory you used:
 2021 strings out of 483183
 26096 string characters out of 5966293
 253962 words of memory out of 5000000
 17054 multiletter control sequences out of 15000+600000
 541050 words of font info for 58 fonts, out of 8000000 for 9000
 14 hyphenation exceptions out of 8191
 30i,6n,29p,661b,314s stack positions out of 5000i,500n,10000p,200000b,80000s
{/usr/share/texmf/fonts/enc/dvips/cm-super/cm-super-ts1.enc}
</usr/share/texlive/texmf-dist/fonts/type1/public/amsfonts/cm/cmbx10.pfb></usr/
share/texlive/texmf-dist/fonts/type1/public/amsfonts/cm/cmbx12.pfb></usr/share/
texlive/texmf-dist/fonts/type1/public/amsfonts/cm/cmmi10.pfb></usr/share/texliv
e/texmf-dist/fonts/type1/public/amsfonts/cm/cmmi7.pfb></usr/share/texlive/texmf
-dist/fonts/type1/public/amsfonts/cm/cmr10.pfb></usr/share/texlive/texmf-dist/f
onts/type1/public/amsfonts/cm/cmr12.pfb></usr/share/texlive/texmf-dist/fonts/ty
pe1/public/amsfonts/cm/cmr17.pfb></usr/share/texlive/texmf-dist/fonts/type1/pub
lic/amsfonts/cm/cmr5.pfb></usr/share/texlive/texmf-dist/fonts/type1/public/amsf
onts/cm/cmr7.pfb></usr/share/texlive/texmf-dist/fonts/type1/public/amsfonts/cm/
cmsy10.pfb></usr/share/texlive/texmf-dist/fonts/type1/public/amsfonts/cm/cmsy7.
pfb></usr/share/texlive/texmf-dist/fonts/type1/public/amsfonts/cm/cmti10.pfb></
usr/share/texlive/texmf-dist/fonts/type1/public/amsfonts/cm/cmtt10.pfb></usr/sh
are/texmf/fonts/type1/public/cm-super/sfrm1000.pfb>
Output written on notes.pdf (7 pages, 164108 bytes).
PDF statistics:
 85 PDF objects out of 1000 (max. 8388607)
 61 compressed objects within 1 object stream
 0 named destinations out of 1000 (max. 500000)
 1 words of extra memory for PDF output out of 10000 (max. 10000000)

